<?xml version="1.0" encoding="UTF-8"?>
<!-- Generated by org.testng.reporters.JUnitReportReporter -->
<testsuite hostname="DESKTOP-CJSKQI6" failures="0" tests="1" name="com.example.main.CalculatorTest" time="0.039" errors="0" timestamp="2025-08-18T12:57:37 IST" skipped="0">
  <testcase classname="com.example.main.CalculatorTest" name="testdiv" time="0.039"/>
</testsuite> <!-- com.example.main.CalculatorTest -->
