<?xml version="1.0" encoding="UTF-8"?>
<!-- Generated by org.testng.reporters.JUnitReportReporter -->
<testsuite hostname="DESKTOP-CJSKQI6" failures="0" tests="4" name="com.example.main.NewTest" time="0.042" errors="0" timestamp="2025-08-18T13:16:03 IST" skipped="0">
  <testcase classname="com.example.main.NewTest" name="testdiv" time="0.027"/>
  <testcase classname="com.example.main.NewTest" name="testmul" time="0.005"/>
  <testcase classname="com.example.main.NewTest" name="testSubtract" time="0.005"/>
  <testcase classname="com.example.main.NewTest" name="testAdd" time="0.005"/>
</testsuite> <!-- com.example.main.NewTest -->
