<?xml version="1.0" encoding="UTF-8"?>
<!-- Generated by org.testng.reporters.JUnitReportReporter -->
<testsuite hostname="DESKTOP-CJSKQI6" failures="0" tests="2" name="CalculationTest" time="0.036" errors="0" timestamp="2025-08-18T21:12:00 IST" skipped="0">
  <testcase classname="CalculationTest" name="testmul" time="0.028"/>
  <testcase classname="CalculationTest" name="testdiv" time="0.008"/>
</testsuite> <!-- CalculationTest -->
