<?xml version="1.0" encoding="UTF-8"?>
<!-- Generated by org.testng.reporters.JUnitReportReporter -->
<testsuite hostname="DESKTOP-CJSKQI6" failures="0" tests="1" name="TestNG1" time="1.691" errors="0" timestamp="2025-08-22T23:58:48 IST" skipped="0">
  <testcase classname="TestNG1" name="signUp" time="1.691"/>
</testsuite> <!-- TestNG1 -->
