<?xml version="1.0" encoding="UTF-8"?>
<!-- Generated by org.testng.reporters.JUnitReportReporter -->
<testsuite hostname="DESKTOP-CJSKQI6" failures="0" tests="1" name="main.FirstTestTestNG" time="2.865" errors="0" timestamp="2025-08-18T12:40:14 IST" skipped="0">
  <testcase classname="main.FirstTestTestNG" name="signUp" time="2.865"/>
</testsuite> <!-- main.FirstTestTestNG -->
